<?xml version="1.0" encoding="UTF-8"?>
<!-- Generated by org.testng.reporters.JUnitXMLReporter -->
<testsuite hostname="192.168.1.6" failures="0" tests="3" name="happy scenarios" time="81.766" errors="0" timestamp="12 Nov 2019 19:33:18 GMT">
  <testcase classname="Test.LoginTest" name="validLogin" time="18.666"/>
  <testcase classname="Test.SignInTest" name="validSignIn" time="8.933"/>
  <testcase classname="Test.CheckoutTest" name="validCheckoutScenario" time="24.292"/>
</testsuite> <!-- happy scenarios -->
