<?xml version="1.0" encoding="UTF-8"?>
<testng-results total="3" passed="3" failed="0" skipped="0">
  <reporter-output>
  </reporter-output>
  <suite started-at="2019-11-12T19:31:56Z" name="hello fresh challenge" finished-at="2019-11-12T19:33:18Z" duration-ms="81766">
    <groups>
    </groups>
    <test started-at="2019-11-12T19:31:56Z" name="happy scenarios" finished-at="2019-11-12T19:33:18Z" duration-ms="81766">
      <class name="Test.SignInTest">
        <test-method is-config="true" signature="startDriver(java.lang.String)[pri:0, instance:Test.SignInTest@285bf5ac]" started-at="2019-11-12T21:32:27Z" name="startDriver" finished-at="2019-11-12T21:32:36Z" duration-ms="8783" status="PASS">
          <params>
            <param index="0">
              <value>
                <![CDATA[chrome]]>
              </value>
            </param>
          </params>
          <reporter-output>
          </reporter-output>
        </test-method> <!-- startDriver -->
        <test-method signature="validSignIn()[pri:0, instance:Test.SignInTest@285bf5ac]" started-at="2019-11-12T21:32:36Z" name="validSignIn" finished-at="2019-11-12T21:32:44Z" duration-ms="8933" status="PASS">
          <reporter-output>
          </reporter-output>
        </test-method> <!-- validSignIn -->
        <test-method is-config="true" signature="screenshotOnFailure(org.testng.ITestResult)[pri:0, instance:Test.SignInTest@285bf5ac]" started-at="2019-11-12T21:32:44Z" name="screenshotOnFailure" finished-at="2019-11-12T21:32:44Z" duration-ms="0" status="PASS">
          <params>
            <param index="0">
              <value>
                <![CDATA[[TestResult name=validSignIn status=SUCCESS method=SignInTest.validSignIn()[pri:0, instance:Test.SignInTest@285bf5ac] output={null}]]]>
              </value>
            </param>
          </params>
          <reporter-output>
          </reporter-output>
        </test-method> <!-- screenshotOnFailure -->
        <test-method is-config="true" signature="stopDriver()[pri:0, instance:Test.SignInTest@285bf5ac]" started-at="2019-11-12T21:32:44Z" name="stopDriver" finished-at="2019-11-12T21:32:45Z" duration-ms="101" status="PASS">
          <reporter-output>
          </reporter-output>
        </test-method> <!-- stopDriver -->
      </class> <!-- Test.SignInTest -->
      <class name="Test.CheckoutTest">
        <test-method is-config="true" signature="startDriver(java.lang.String)[pri:0, instance:Test.CheckoutTest@2a120c88]" started-at="2019-11-12T21:32:45Z" name="startDriver" finished-at="2019-11-12T21:32:53Z" duration-ms="8741" status="PASS">
          <params>
            <param index="0">
              <value>
                <![CDATA[chrome]]>
              </value>
            </param>
          </params>
          <reporter-output>
          </reporter-output>
        </test-method> <!-- startDriver -->
        <test-method signature="validCheckoutScenario()[pri:0, instance:Test.CheckoutTest@2a120c88]" started-at="2019-11-12T21:32:53Z" name="validCheckoutScenario" finished-at="2019-11-12T21:33:18Z" duration-ms="24292" status="PASS">
          <reporter-output>
          </reporter-output>
        </test-method> <!-- validCheckoutScenario -->
        <test-method is-config="true" signature="screenshotOnFailure(org.testng.ITestResult)[pri:0, instance:Test.CheckoutTest@2a120c88]" started-at="2019-11-12T21:33:18Z" name="screenshotOnFailure" finished-at="2019-11-12T21:33:18Z" duration-ms="1" status="PASS">
          <params>
            <param index="0">
              <value>
                <![CDATA[[TestResult name=validCheckoutScenario status=SUCCESS method=CheckoutTest.validCheckoutScenario()[pri:0, instance:Test.CheckoutTest@2a120c88] output={null}]]]>
              </value>
            </param>
          </params>
          <reporter-output>
          </reporter-output>
        </test-method> <!-- screenshotOnFailure -->
        <test-method is-config="true" signature="stopDriver()[pri:0, instance:Test.CheckoutTest@2a120c88]" started-at="2019-11-12T21:33:18Z" name="stopDriver" finished-at="2019-11-12T21:33:18Z" duration-ms="104" status="PASS">
          <reporter-output>
          </reporter-output>
        </test-method> <!-- stopDriver -->
      </class> <!-- Test.CheckoutTest -->
      <class name="Test.LoginTest">
        <test-method is-config="true" signature="startDriver(java.lang.String)[pri:0, instance:Test.LoginTest@2dd3d39d]" started-at="2019-11-12T21:31:56Z" name="startDriver" finished-at="2019-11-12T21:32:08Z" duration-ms="12018" status="PASS">
          <params>
            <param index="0">
              <value>
                <![CDATA[chrome]]>
              </value>
            </param>
          </params>
          <reporter-output>
          </reporter-output>
        </test-method> <!-- startDriver -->
        <test-method signature="validLogin()[pri:0, instance:Test.LoginTest@2dd3d39d]" started-at="2019-11-12T21:32:08Z" name="validLogin" finished-at="2019-11-12T21:32:27Z" duration-ms="18666" status="PASS">
          <reporter-output>
          </reporter-output>
        </test-method> <!-- validLogin -->
        <test-method is-config="true" signature="stopDriver()[pri:0, instance:Test.LoginTest@2dd3d39d]" started-at="2019-11-12T21:32:27Z" name="stopDriver" finished-at="2019-11-12T21:32:27Z" duration-ms="103" status="PASS">
          <reporter-output>
          </reporter-output>
        </test-method> <!-- stopDriver -->
        <test-method is-config="true" signature="screenshotOnFailure(org.testng.ITestResult)[pri:0, instance:Test.LoginTest@2dd3d39d]" started-at="2019-11-12T21:32:27Z" name="screenshotOnFailure" finished-at="2019-11-12T21:32:27Z" duration-ms="0" status="PASS">
          <params>
            <param index="0">
              <value>
                <![CDATA[[TestResult name=validLogin status=SUCCESS method=LoginTest.validLogin()[pri:0, instance:Test.LoginTest@2dd3d39d] output={null}]]]>
              </value>
            </param>
          </params>
          <reporter-output>
          </reporter-output>
        </test-method> <!-- screenshotOnFailure -->
      </class> <!-- Test.LoginTest -->
    </test> <!-- happy scenarios -->
  </suite> <!-- hello fresh challenge -->
</testng-results>
